2019-03-14 17:50:15.642 [main] INFO  o.s.c.a.AnnotationConfigApplicationContext-Refreshing org.springframework.context.annotation.AnnotationConfigApplicationContext@2f4948e4: startup date [Thu Mar 14 17:50:15 CST 2019]; root of context hierarchy
2019-03-14 17:50:15.964 [main] INFO  o.s.b.f.a.AutowiredAnnotationBeanPostProcessor-JSR-330 'javax.inject.Inject' annotation found and supported for autowiring
2019-03-14 17:50:16.008 [background-preinit] INFO  org.hibernate.validator.internal.util.Version-HV000001: Hibernate Validator 5.3.6.Final
2019-03-14 17:50:16.011 [main] INFO  o.s.c.s.PostProcessorRegistrationDelegate$BeanPostProcessorChecker-Bean 'configurationPropertiesRebinderAutoConfiguration' of type [org.springframework.cloud.autoconfigure.ConfigurationPropertiesRebinderAutoConfiguration$$EnhancerBySpringCGLIB$$8e3da736] is not eligible for getting processed by all BeanPostProcessors (for example: not eligible for auto-proxying)
2019-03-14 17:50:16.953 [main] INFO  o.u.framework.oauth.SecurityOauth2Application-No active profile set, falling back to default profiles: default
2019-03-14 17:50:16.982 [main] INFO  o.s.b.c.e.AnnotationConfigEmbeddedWebApplicationContext-Refreshing org.springframework.boot.context.embedded.AnnotationConfigEmbeddedWebApplicationContext@1021f6c9: startup date [Thu Mar 14 17:50:16 CST 2019]; parent: org.springframework.context.annotation.AnnotationConfigApplicationContext@2f4948e4
2019-03-14 17:50:18.102 [main] INFO  o.s.d.r.config.RepositoryConfigurationDelegate-Multiple Spring Data modules found, entering strict repository configuration mode!
2019-03-14 17:50:18.443 [main] INFO  o.springframework.cloud.context.scope.GenericScope-BeanFactory id=5cf19ced-fb52-3f2a-80f2-29cc72ddaaf7
2019-03-14 17:50:18.460 [main] INFO  o.s.b.f.a.AutowiredAnnotationBeanPostProcessor-JSR-330 'javax.inject.Inject' annotation found and supported for autowiring
2019-03-14 17:50:18.989 [main] INFO  o.s.c.s.PostProcessorRegistrationDelegate$BeanPostProcessorChecker-Bean 'security.oauth2.client-org.springframework.boot.autoconfigure.security.oauth2.OAuth2ClientProperties' of type [org.springframework.boot.autoconfigure.security.oauth2.OAuth2ClientProperties] is not eligible for getting processed by all BeanPostProcessors (for example: not eligible for auto-proxying)
2019-03-14 17:50:18.994 [main] INFO  o.s.c.s.PostProcessorRegistrationDelegate$BeanPostProcessorChecker-Bean 'org.springframework.boot.autoconfigure.security.oauth2.OAuth2AutoConfiguration' of type [org.springframework.boot.autoconfigure.security.oauth2.OAuth2AutoConfiguration$$EnhancerBySpringCGLIB$$296d6039] is not eligible for getting processed by all BeanPostProcessors (for example: not eligible for auto-proxying)
2019-03-14 17:50:19.007 [main] INFO  o.s.c.s.PostProcessorRegistrationDelegate$BeanPostProcessorChecker-Bean 'resourceServerProperties' of type [org.springframework.boot.autoconfigure.security.oauth2.resource.ResourceServerProperties] is not eligible for getting processed by all BeanPostProcessors (for example: not eligible for auto-proxying)
2019-03-14 17:50:19.021 [main] INFO  o.s.c.s.PostProcessorRegistrationDelegate$BeanPostProcessorChecker-Bean 'org.springframework.cloud.autoconfigure.ConfigurationPropertiesRebinderAutoConfiguration' of type [org.springframework.cloud.autoconfigure.ConfigurationPropertiesRebinderAutoConfiguration$$EnhancerBySpringCGLIB$$8e3da736] is not eligible for getting processed by all BeanPostProcessors (for example: not eligible for auto-proxying)
2019-03-14 17:50:19.403 [main] INFO  o.s.b.c.e.tomcat.TomcatEmbeddedServletContainer-Tomcat initialized with port(s): 19090 (http)
2019-03-14 17:50:19.422 [main] INFO  org.apache.coyote.http11.Http11NioProtocol-Initializing ProtocolHandler ["http-nio-19090"]
2019-03-14 17:50:19.439 [main] INFO  org.apache.catalina.core.StandardService-Starting service [Tomcat]
2019-03-14 17:50:19.440 [main] INFO  org.apache.catalina.core.StandardEngine-Starting Servlet Engine: Apache Tomcat/8.5.31
2019-03-14 17:50:19.752 [localhost-startStop-1] INFO  o.a.c.core.ContainerBase.[Tomcat].[localhost].[/]-Initializing Spring embedded WebApplicationContext
2019-03-14 17:50:19.752 [localhost-startStop-1] INFO  org.springframework.web.context.ContextLoader-Root WebApplicationContext: initialization completed in 2770 ms
2019-03-14 17:50:20.248 [localhost-startStop-1] INFO  o.s.boot.web.servlet.FilterRegistrationBean-Mapping filter: 'metricsFilter' to: [/*]
2019-03-14 17:50:20.248 [localhost-startStop-1] INFO  o.s.boot.web.servlet.FilterRegistrationBean-Mapping filter: 'characterEncodingFilter' to: [/*]
2019-03-14 17:50:20.248 [localhost-startStop-1] INFO  o.s.boot.web.servlet.FilterRegistrationBean-Mapping filter: 'hiddenHttpMethodFilter' to: [/*]
2019-03-14 17:50:20.248 [localhost-startStop-1] INFO  o.s.boot.web.servlet.FilterRegistrationBean-Mapping filter: 'httpPutFormContentFilter' to: [/*]
2019-03-14 17:50:20.248 [localhost-startStop-1] INFO  o.s.boot.web.servlet.FilterRegistrationBean-Mapping filter: 'requestContextFilter' to: [/*]
2019-03-14 17:50:20.250 [localhost-startStop-1] INFO  o.s.b.w.s.DelegatingFilterProxyRegistrationBean-Mapping filter: 'springSecurityFilterChain' to: [/*]
2019-03-14 17:50:20.250 [localhost-startStop-1] INFO  o.s.boot.web.servlet.FilterRegistrationBean-Mapping filter: 'webRequestLoggingFilter' to: [/*]
2019-03-14 17:50:20.250 [localhost-startStop-1] INFO  o.s.boot.web.servlet.FilterRegistrationBean-Mapping filter: 'applicationContextIdFilter' to: [/*]
2019-03-14 17:50:20.250 [localhost-startStop-1] INFO  o.s.boot.web.servlet.ServletRegistrationBean-Mapping servlet: 'dispatcherServlet' to [/]
2019-03-14 17:50:20.730 [main] INFO  o.s.s.o.p.endpoint.FrameworkEndpointHandlerMapping-Mapped "{[/oauth/authorize]}" onto public org.springframework.web.servlet.ModelAndView org.springframework.security.oauth2.provider.endpoint.AuthorizationEndpoint.authorize(java.util.Map<java.lang.String, java.lang.Object>,java.util.Map<java.lang.String, java.lang.String>,org.springframework.web.bind.support.SessionStatus,java.security.Principal)
2019-03-14 17:50:20.731 [main] INFO  o.s.s.o.p.endpoint.FrameworkEndpointHandlerMapping-Mapped "{[/oauth/authorize],methods=[POST],params=[user_oauth_approval]}" onto public org.springframework.web.servlet.View org.springframework.security.oauth2.provider.endpoint.AuthorizationEndpoint.approveOrDeny(java.util.Map<java.lang.String, java.lang.String>,java.util.Map<java.lang.String, ?>,org.springframework.web.bind.support.SessionStatus,java.security.Principal)
2019-03-14 17:50:20.732 [main] INFO  o.s.s.o.p.endpoint.FrameworkEndpointHandlerMapping-Mapped "{[/oauth/token],methods=[GET]}" onto public org.springframework.http.ResponseEntity<org.springframework.security.oauth2.common.OAuth2AccessToken> org.springframework.security.oauth2.provider.endpoint.TokenEndpoint.getAccessToken(java.security.Principal,java.util.Map<java.lang.String, java.lang.String>) throws org.springframework.web.HttpRequestMethodNotSupportedException
2019-03-14 17:50:20.733 [main] INFO  o.s.s.o.p.endpoint.FrameworkEndpointHandlerMapping-Mapped "{[/oauth/token],methods=[POST]}" onto public org.springframework.http.ResponseEntity<org.springframework.security.oauth2.common.OAuth2AccessToken> org.springframework.security.oauth2.provider.endpoint.TokenEndpoint.postAccessToken(java.security.Principal,java.util.Map<java.lang.String, java.lang.String>) throws org.springframework.web.HttpRequestMethodNotSupportedException
2019-03-14 17:50:20.733 [main] INFO  o.s.s.o.p.endpoint.FrameworkEndpointHandlerMapping-Mapped "{[/oauth/check_token]}" onto public java.util.Map<java.lang.String, ?> org.springframework.security.oauth2.provider.endpoint.CheckTokenEndpoint.checkToken(java.lang.String)
2019-03-14 17:50:20.734 [main] INFO  o.s.s.o.p.endpoint.FrameworkEndpointHandlerMapping-Mapped "{[/oauth/confirm_access]}" onto public org.springframework.web.servlet.ModelAndView org.springframework.security.oauth2.provider.endpoint.WhitelabelApprovalEndpoint.getAccessConfirmation(java.util.Map<java.lang.String, java.lang.Object>,javax.servlet.http.HttpServletRequest) throws java.lang.Exception
2019-03-14 17:50:20.735 [main] INFO  o.s.s.o.p.endpoint.FrameworkEndpointHandlerMapping-Mapped "{[/oauth/error]}" onto public org.springframework.web.servlet.ModelAndView org.springframework.security.oauth2.provider.endpoint.WhitelabelErrorEndpoint.handleError(javax.servlet.http.HttpServletRequest)
2019-03-14 17:50:21.177 [main] INFO  com.netflix.config.sources.URLConfigurationSource-To enable URLs as dynamic configuration sources, define System property archaius.configurationSource.additionalUrls or make config.properties available on classpath.
2019-03-14 17:50:21.183 [main] INFO  com.netflix.config.sources.URLConfigurationSource-To enable URLs as dynamic configuration sources, define System property archaius.configurationSource.additionalUrls or make config.properties available on classpath.
2019-03-14 17:50:21.434 [main] INFO  o.s.w.s.m.m.a.RequestMappingHandlerAdapter-Looking for @ControllerAdvice: org.springframework.boot.context.embedded.AnnotationConfigEmbeddedWebApplicationContext@1021f6c9: startup date [Thu Mar 14 17:50:16 CST 2019]; parent: org.springframework.context.annotation.AnnotationConfigApplicationContext@2f4948e4
2019-03-14 17:50:21.497 [main] INFO  o.s.w.s.m.m.a.RequestMappingHandlerMapping-Mapped "{[/user],methods=[GET]}" onto public java.lang.Object org.unicorn.framework.oauth.SecurityOauth2Application.getCurrentUser1(org.springframework.security.core.Authentication,javax.servlet.http.HttpServletRequest) throws java.io.UnsupportedEncodingException
2019-03-14 17:50:21.497 [main] INFO  o.s.w.s.m.m.a.RequestMappingHandlerMapping-Mapped "{[/login],methods=[GET]}" onto public java.lang.String org.unicorn.framework.oauth.SecurityOauth2Application.login()
2019-03-14 17:50:21.497 [main] INFO  o.s.w.s.m.m.a.RequestMappingHandlerMapping-Mapped "{[/permitAll],methods=[GET]}" onto public java.lang.String org.unicorn.framework.oauth.SecurityOauth2Application.getPermitAll()
2019-03-14 17:50:21.497 [main] INFO  o.s.w.s.m.m.a.RequestMappingHandlerMapping-Mapped "{[/forbidden],methods=[GET]}" onto public java.lang.String org.unicorn.framework.oauth.SecurityOauth2Application.getForbidden()
2019-03-14 17:50:21.499 [main] INFO  o.s.w.s.m.m.a.RequestMappingHandlerMapping-Mapped "{[/error]}" onto public org.springframework.http.ResponseEntity<java.util.Map<java.lang.String, java.lang.Object>> org.springframework.boot.autoconfigure.web.BasicErrorController.error(javax.servlet.http.HttpServletRequest)
2019-03-14 17:50:21.500 [main] INFO  o.s.w.s.m.m.a.RequestMappingHandlerMapping-Mapped "{[/error],produces=[text/html]}" onto public org.springframework.web.servlet.ModelAndView org.springframework.boot.autoconfigure.web.BasicErrorController.errorHtml(javax.servlet.http.HttpServletRequest,javax.servlet.http.HttpServletResponse)
2019-03-14 17:50:21.536 [main] INFO  o.s.web.servlet.handler.SimpleUrlHandlerMapping-Mapped URL path [/webjars/**] onto handler of type [class org.springframework.web.servlet.resource.ResourceHttpRequestHandler]
2019-03-14 17:50:21.536 [main] INFO  o.s.web.servlet.handler.SimpleUrlHandlerMapping-Mapped URL path [/**] onto handler of type [class org.springframework.web.servlet.resource.ResourceHttpRequestHandler]
2019-03-14 17:50:21.578 [main] INFO  o.s.web.servlet.handler.SimpleUrlHandlerMapping-Mapped URL path [/**/favicon.ico] onto handler of type [class org.springframework.web.servlet.resource.ResourceHttpRequestHandler]
2019-03-14 17:50:22.130 [main] INFO  o.s.security.web.DefaultSecurityFilterChain-Creating filter chain: OrRequestMatcher [requestMatchers=[Ant [pattern='/css/**'], Ant [pattern='/js/**'], Ant [pattern='/images/**'], Ant [pattern='/webjars/**'], Ant [pattern='/**/favicon.ico'], Ant [pattern='/error']]], []
2019-03-14 17:50:22.226 [main] INFO  o.s.security.web.DefaultSecurityFilterChain-Creating filter chain: OrRequestMatcher [requestMatchers=[Ant [pattern='/oauth/token'], Ant [pattern='/oauth/token_key'], Ant [pattern='/oauth/check_token']]], [org.springframework.security.web.context.request.async.WebAsyncManagerIntegrationFilter@4fb64e14, org.springframework.security.web.context.SecurityContextPersistenceFilter@4a50c746, org.springframework.security.web.header.HeaderWriterFilter@18dcb8a7, org.springframework.security.web.authentication.logout.LogoutFilter@5a05dd30, org.springframework.security.web.authentication.www.BasicAuthenticationFilter@b5aa65b, org.springframework.security.web.savedrequest.RequestCacheAwareFilter@79ecc507, org.springframework.security.web.servletapi.SecurityContextHolderAwareRequestFilter@4966bab1, org.springframework.security.web.authentication.AnonymousAuthenticationFilter@118041c7, org.springframework.security.web.session.SessionManagementFilter@5a14e60d, org.springframework.security.web.access.ExceptionTranslationFilter@3c7279a5, org.springframework.security.web.access.intercept.FilterSecurityInterceptor@4d518c66]
2019-03-14 17:50:22.535 [main] INFO  o.s.b.actuate.endpoint.mvc.EndpointHandlerMapping-Mapped "{[/refresh || /refresh.json],methods=[POST]}" onto public java.lang.Object org.springframework.cloud.endpoint.GenericPostableMvcEndpoint.invoke()
2019-03-14 17:50:22.537 [main] INFO  o.s.b.actuate.endpoint.mvc.EndpointHandlerMapping-Mapped "{[/loggers/{name:.*}],methods=[GET],produces=[application/vnd.spring-boot.actuator.v1+json || application/json]}" onto public java.lang.Object org.springframework.boot.actuate.endpoint.mvc.LoggersMvcEndpoint.get(java.lang.String)
2019-03-14 17:50:22.538 [main] INFO  o.s.b.actuate.endpoint.mvc.EndpointHandlerMapping-Mapped "{[/loggers/{name:.*}],methods=[POST],consumes=[application/vnd.spring-boot.actuator.v1+json || application/json],produces=[application/vnd.spring-boot.actuator.v1+json || application/json]}" onto public java.lang.Object org.springframework.boot.actuate.endpoint.mvc.LoggersMvcEndpoint.set(java.lang.String,java.util.Map<java.lang.String, java.lang.String>)
2019-03-14 17:50:22.538 [main] INFO  o.s.b.actuate.endpoint.mvc.EndpointHandlerMapping-Mapped "{[/loggers || /loggers.json],methods=[GET],produces=[application/vnd.spring-boot.actuator.v1+json || application/json]}" onto public java.lang.Object org.springframework.boot.actuate.endpoint.mvc.EndpointMvcAdapter.invoke()
2019-03-14 17:50:22.538 [main] INFO  o.s.b.actuate.endpoint.mvc.EndpointHandlerMapping-Mapped "{[/info || /info.json],methods=[GET],produces=[application/vnd.spring-boot.actuator.v1+json || application/json]}" onto public java.lang.Object org.springframework.boot.actuate.endpoint.mvc.EndpointMvcAdapter.invoke()
2019-03-14 17:50:22.539 [main] INFO  o.s.b.actuate.endpoint.mvc.EndpointHandlerMapping-Mapped "{[/trace || /trace.json],methods=[GET],produces=[application/vnd.spring-boot.actuator.v1+json || application/json]}" onto public java.lang.Object org.springframework.boot.actuate.endpoint.mvc.EndpointMvcAdapter.invoke()
2019-03-14 17:50:22.540 [main] INFO  o.s.b.actuate.endpoint.mvc.EndpointHandlerMapping-Mapped "{[/metrics/{name:.*}],methods=[GET],produces=[application/vnd.spring-boot.actuator.v1+json || application/json]}" onto public java.lang.Object org.springframework.boot.actuate.endpoint.mvc.MetricsMvcEndpoint.value(java.lang.String)
2019-03-14 17:50:22.540 [main] INFO  o.s.b.actuate.endpoint.mvc.EndpointHandlerMapping-Mapped "{[/metrics || /metrics.json],methods=[GET],produces=[application/vnd.spring-boot.actuator.v1+json || application/json]}" onto public java.lang.Object org.springframework.boot.actuate.endpoint.mvc.EndpointMvcAdapter.invoke()
2019-03-14 17:50:22.541 [main] INFO  o.s.b.actuate.endpoint.mvc.EndpointHandlerMapping-Mapped "{[/autoconfig || /autoconfig.json],methods=[GET],produces=[application/vnd.spring-boot.actuator.v1+json || application/json]}" onto public java.lang.Object org.springframework.boot.actuate.endpoint.mvc.EndpointMvcAdapter.invoke()
2019-03-14 17:50:22.542 [main] INFO  o.s.b.actuate.endpoint.mvc.EndpointHandlerMapping-Mapped "{[/auditevents || /auditevents.json],methods=[GET],produces=[application/vnd.spring-boot.actuator.v1+json || application/json]}" onto public org.springframework.http.ResponseEntity<?> org.springframework.boot.actuate.endpoint.mvc.AuditEventsMvcEndpoint.findByPrincipalAndAfterAndType(java.lang.String,java.util.Date,java.lang.String)
2019-03-14 17:50:22.542 [main] INFO  o.s.b.actuate.endpoint.mvc.EndpointHandlerMapping-Mapped "{[/env],methods=[POST]}" onto public java.lang.Object org.springframework.cloud.context.environment.EnvironmentManagerMvcEndpoint.value(java.util.Map<java.lang.String, java.lang.String>)
2019-03-14 17:50:22.543 [main] INFO  o.s.b.actuate.endpoint.mvc.EndpointHandlerMapping-Mapped "{[/env/reset],methods=[POST]}" onto public java.util.Map<java.lang.String, java.lang.Object> org.springframework.cloud.context.environment.EnvironmentManagerMvcEndpoint.reset()
2019-03-14 17:50:22.543 [main] INFO  o.s.b.actuate.endpoint.mvc.EndpointHandlerMapping-Mapped "{[/beans || /beans.json],methods=[GET],produces=[application/vnd.spring-boot.actuator.v1+json || application/json]}" onto public java.lang.Object org.springframework.boot.actuate.endpoint.mvc.EndpointMvcAdapter.invoke()
2019-03-14 17:50:22.544 [main] INFO  o.s.b.actuate.endpoint.mvc.EndpointHandlerMapping-Mapped "{[/configprops || /configprops.json],methods=[GET],produces=[application/vnd.spring-boot.actuator.v1+json || application/json]}" onto public java.lang.Object org.springframework.boot.actuate.endpoint.mvc.EndpointMvcAdapter.invoke()
2019-03-14 17:50:22.545 [main] INFO  o.s.b.actuate.endpoint.mvc.EndpointHandlerMapping-Mapped "{[/archaius || /archaius.json],methods=[GET],produces=[application/vnd.spring-boot.actuator.v1+json || application/json]}" onto public java.lang.Object org.springframework.boot.actuate.endpoint.mvc.EndpointMvcAdapter.invoke()
2019-03-14 17:50:22.545 [main] INFO  o.s.b.actuate.endpoint.mvc.EndpointHandlerMapping-Mapped "{[/health || /health.json],methods=[GET],produces=[application/vnd.spring-boot.actuator.v1+json || application/json]}" onto public java.lang.Object org.springframework.boot.actuate.endpoint.mvc.HealthMvcEndpoint.invoke(javax.servlet.http.HttpServletRequest,java.security.Principal)
2019-03-14 17:50:22.546 [main] INFO  o.s.b.actuate.endpoint.mvc.EndpointHandlerMapping-Mapped "{[/features || /features.json],methods=[GET],produces=[application/vnd.spring-boot.actuator.v1+json || application/json]}" onto public java.lang.Object org.springframework.boot.actuate.endpoint.mvc.EndpointMvcAdapter.invoke()
2019-03-14 17:50:22.547 [main] INFO  o.s.b.actuate.endpoint.mvc.EndpointHandlerMapping-Mapped "{[/heapdump || /heapdump.json],methods=[GET],produces=[application/octet-stream]}" onto public void org.springframework.boot.actuate.endpoint.mvc.HeapdumpMvcEndpoint.invoke(boolean,javax.servlet.http.HttpServletRequest,javax.servlet.http.HttpServletResponse) throws java.io.IOException,javax.servlet.ServletException
2019-03-14 17:50:22.548 [main] INFO  o.s.b.actuate.endpoint.mvc.EndpointHandlerMapping-Mapped "{[/mappings || /mappings.json],methods=[GET],produces=[application/vnd.spring-boot.actuator.v1+json || application/json]}" onto public java.lang.Object org.springframework.boot.actuate.endpoint.mvc.EndpointMvcAdapter.invoke()
2019-03-14 17:50:22.548 [main] INFO  o.s.b.actuate.endpoint.mvc.EndpointHandlerMapping-Mapped "{[/env/{name:.*}],methods=[GET],produces=[application/vnd.spring-boot.actuator.v1+json || application/json]}" onto public java.lang.Object org.springframework.boot.actuate.endpoint.mvc.EnvironmentMvcEndpoint.value(java.lang.String)
2019-03-14 17:50:22.549 [main] INFO  o.s.b.actuate.endpoint.mvc.EndpointHandlerMapping-Mapped "{[/env || /env.json],methods=[GET],produces=[application/vnd.spring-boot.actuator.v1+json || application/json]}" onto public java.lang.Object org.springframework.boot.actuate.endpoint.mvc.EndpointMvcAdapter.invoke()
2019-03-14 17:50:22.549 [main] INFO  o.s.b.actuate.endpoint.mvc.EndpointHandlerMapping-Mapped "{[/dump || /dump.json],methods=[GET],produces=[application/vnd.spring-boot.actuator.v1+json || application/json]}" onto public java.lang.Object org.springframework.boot.actuate.endpoint.mvc.EndpointMvcAdapter.invoke()
2019-03-14 17:50:22.550 [main] INFO  o.s.security.web.DefaultSecurityFilterChain-Creating filter chain: org.springframework.boot.actuate.autoconfigure.ManagementWebSecurityAutoConfiguration$LazyEndpointPathRequestMatcher@132e3594, [org.springframework.security.web.context.request.async.WebAsyncManagerIntegrationFilter@4f235107, org.springframework.security.web.context.SecurityContextPersistenceFilter@3c81cd82, org.springframework.security.web.header.HeaderWriterFilter@6af65f29, org.springframework.web.filter.CorsFilter@28d739f1, org.springframework.security.web.authentication.logout.LogoutFilter@1a14fdf0, org.springframework.security.web.authentication.www.BasicAuthenticationFilter@4aed311e, org.springframework.security.web.savedrequest.RequestCacheAwareFilter@111c229c, org.springframework.security.web.servletapi.SecurityContextHolderAwareRequestFilter@49cb3881, org.springframework.security.web.authentication.AnonymousAuthenticationFilter@1c5d3a37, org.springframework.security.web.session.SessionManagementFilter@370c9018, org.springframework.security.web.access.ExceptionTranslationFilter@3af2f846, org.springframework.security.web.access.intercept.FilterSecurityInterceptor@6af310c7]
2019-03-14 17:50:22.576 [main] INFO  o.s.security.web.DefaultSecurityFilterChain-Creating filter chain: org.springframework.security.oauth2.config.annotation.web.configuration.ResourceServerConfiguration$NotOAuthRequestMatcher@76563ae7, [org.springframework.security.web.context.request.async.WebAsyncManagerIntegrationFilter@4fd74223, org.springframework.security.web.context.SecurityContextPersistenceFilter@1332dec4, org.springframework.security.web.header.HeaderWriterFilter@4aaecabd, org.springframework.security.web.authentication.logout.LogoutFilter@231b35fb, org.springframework.security.oauth2.provider.authentication.OAuth2AuthenticationProcessingFilter@353c6da1, org.springframework.security.web.authentication.UsernamePasswordAuthenticationFilter@5d850a25, org.springframework.security.web.savedrequest.RequestCacheAwareFilter@544e3679, org.springframework.security.web.servletapi.SecurityContextHolderAwareRequestFilter@6889f56f, org.springframework.security.web.authentication.AnonymousAuthenticationFilter@4fea840f, org.springframework.security.web.session.SessionManagementFilter@23bd0c81, org.springframework.security.web.access.ExceptionTranslationFilter@5fb3111a, org.springframework.security.web.access.intercept.FilterSecurityInterceptor@4f664bee]
2019-03-14 17:50:22.577 [main] INFO  o.s.security.web.DefaultSecurityFilterChain-Creating filter chain: OrRequestMatcher [requestMatchers=[Ant [pattern='/**']]], [org.springframework.security.web.context.request.async.WebAsyncManagerIntegrationFilter@747f6c5a, org.springframework.security.web.context.SecurityContextPersistenceFilter@73e4387, org.springframework.security.web.header.HeaderWriterFilter@7a66c35a, org.springframework.security.web.authentication.logout.LogoutFilter@1df9186f, org.springframework.security.web.authentication.www.BasicAuthenticationFilter@682e422c, org.springframework.security.web.savedrequest.RequestCacheAwareFilter@d87d449, org.springframework.security.web.servletapi.SecurityContextHolderAwareRequestFilter@4137aab0, org.springframework.security.web.authentication.AnonymousAuthenticationFilter@66e341e9, org.springframework.security.web.session.SessionManagementFilter@7994a0d1, org.springframework.security.web.access.ExceptionTranslationFilter@3457cc8d, org.springframework.security.web.access.intercept.FilterSecurityInterceptor@686cf8ad]
2019-03-14 17:50:24.412 [main] INFO  o.s.jmx.export.annotation.AnnotationMBeanExporter-Registering beans for JMX exposure on startup
2019-03-14 17:50:24.425 [main] INFO  o.s.jmx.export.annotation.AnnotationMBeanExporter-Bean with name 'configurationPropertiesRebinder' has been autodetected for JMX exposure
2019-03-14 17:50:24.426 [main] INFO  o.s.jmx.export.annotation.AnnotationMBeanExporter-Bean with name 'refreshEndpoint' has been autodetected for JMX exposure
2019-03-14 17:50:24.426 [main] INFO  o.s.jmx.export.annotation.AnnotationMBeanExporter-Bean with name 'environmentManager' has been autodetected for JMX exposure
2019-03-14 17:50:24.427 [main] INFO  o.s.jmx.export.annotation.AnnotationMBeanExporter-Bean with name 'refreshScope' has been autodetected for JMX exposure
2019-03-14 17:50:24.431 [main] INFO  o.s.jmx.export.annotation.AnnotationMBeanExporter-Located managed bean 'environmentManager': registering with JMX server as MBean [org.springframework.cloud.context.environment:name=environmentManager,type=EnvironmentManager]
2019-03-14 17:50:24.450 [main] INFO  o.s.jmx.export.annotation.AnnotationMBeanExporter-Located managed bean 'refreshScope': registering with JMX server as MBean [org.springframework.cloud.context.scope.refresh:name=refreshScope,type=RefreshScope]
2019-03-14 17:50:24.466 [main] INFO  o.s.jmx.export.annotation.AnnotationMBeanExporter-Located managed bean 'configurationPropertiesRebinder': registering with JMX server as MBean [org.springframework.cloud.context.properties:name=configurationPropertiesRebinder,context=1021f6c9,type=ConfigurationPropertiesRebinder]
2019-03-14 17:50:24.476 [main] INFO  o.s.jmx.export.annotation.AnnotationMBeanExporter-Located managed bean 'refreshEndpoint': registering with JMX server as MBean [org.springframework.cloud.endpoint:name=refreshEndpoint,type=RefreshEndpoint]
2019-03-14 17:50:24.482 [main] INFO  o.s.b.actuate.endpoint.jmx.EndpointMBeanExporter-Registering beans for JMX exposure on startup
2019-03-14 17:50:24.496 [main] INFO  o.s.context.support.DefaultLifecycleProcessor-Starting beans in phase 0
2019-03-14 17:50:24.499 [main] INFO  o.s.b.actuate.endpoint.jmx.EndpointMBeanExporter-Located managed bean 'auditEventsEndpoint': registering with JMX server as MBean [org.springframework.boot:type=Endpoint,name=auditEventsEndpoint]
2019-03-14 17:50:24.506 [main] INFO  o.s.b.actuate.endpoint.jmx.EndpointMBeanExporter-Located managed bean 'archaiusEndpoint': registering with JMX server as MBean [org.springframework.boot:type=Endpoint,name=archaiusEndpoint]
2019-03-14 17:50:24.516 [main] INFO  o.s.b.actuate.endpoint.jmx.EndpointMBeanExporter-Located managed bean 'featuresEndpoint': registering with JMX server as MBean [org.springframework.boot:type=Endpoint,name=featuresEndpoint]
2019-03-14 17:50:24.519 [main] INFO  o.s.b.actuate.endpoint.jmx.EndpointMBeanExporter-Located managed bean 'requestMappingEndpoint': registering with JMX server as MBean [org.springframework.boot:type=Endpoint,name=requestMappingEndpoint]
2019-03-14 17:50:24.522 [main] INFO  o.s.b.actuate.endpoint.jmx.EndpointMBeanExporter-Located managed bean 'environmentEndpoint': registering with JMX server as MBean [org.springframework.boot:type=Endpoint,name=environmentEndpoint]
2019-03-14 17:50:24.525 [main] INFO  o.s.b.actuate.endpoint.jmx.EndpointMBeanExporter-Located managed bean 'healthEndpoint': registering with JMX server as MBean [org.springframework.boot:type=Endpoint,name=healthEndpoint]
2019-03-14 17:50:24.528 [main] INFO  o.s.b.actuate.endpoint.jmx.EndpointMBeanExporter-Located managed bean 'beansEndpoint': registering with JMX server as MBean [org.springframework.boot:type=Endpoint,name=beansEndpoint]
2019-03-14 17:50:24.531 [main] INFO  o.s.b.actuate.endpoint.jmx.EndpointMBeanExporter-Located managed bean 'infoEndpoint': registering with JMX server as MBean [org.springframework.boot:type=Endpoint,name=infoEndpoint]
2019-03-14 17:50:24.534 [main] INFO  o.s.b.actuate.endpoint.jmx.EndpointMBeanExporter-Located managed bean 'loggersEndpoint': registering with JMX server as MBean [org.springframework.boot:type=Endpoint,name=loggersEndpoint]
2019-03-14 17:50:24.540 [main] INFO  o.s.b.actuate.endpoint.jmx.EndpointMBeanExporter-Located managed bean 'metricsEndpoint': registering with JMX server as MBean [org.springframework.boot:type=Endpoint,name=metricsEndpoint]
2019-03-14 17:50:24.543 [main] INFO  o.s.b.actuate.endpoint.jmx.EndpointMBeanExporter-Located managed bean 'traceEndpoint': registering with JMX server as MBean [org.springframework.boot:type=Endpoint,name=traceEndpoint]
2019-03-14 17:50:24.545 [main] INFO  o.s.b.actuate.endpoint.jmx.EndpointMBeanExporter-Located managed bean 'dumpEndpoint': registering with JMX server as MBean [org.springframework.boot:type=Endpoint,name=dumpEndpoint]
2019-03-14 17:50:24.548 [main] INFO  o.s.b.actuate.endpoint.jmx.EndpointMBeanExporter-Located managed bean 'autoConfigurationReportEndpoint': registering with JMX server as MBean [org.springframework.boot:type=Endpoint,name=autoConfigurationReportEndpoint]
2019-03-14 17:50:24.550 [main] INFO  o.s.b.actuate.endpoint.jmx.EndpointMBeanExporter-Located managed bean 'configurationPropertiesReportEndpoint': registering with JMX server as MBean [org.springframework.boot:type=Endpoint,name=configurationPropertiesReportEndpoint]
2019-03-14 17:50:24.568 [main] INFO  org.apache.coyote.http11.Http11NioProtocol-Starting ProtocolHandler ["http-nio-19090"]
2019-03-14 17:50:24.597 [main] INFO  org.apache.tomcat.util.net.NioSelectorPool-Using a shared selector for servlet write/read
2019-03-14 17:50:24.620 [main] INFO  o.s.b.c.e.tomcat.TomcatEmbeddedServletContainer-Tomcat started on port(s): 19090 (http)
2019-03-14 17:50:24.624 [main] INFO  o.u.framework.oauth.SecurityOauth2Application-Started SecurityOauth2Application in 10.059 seconds (JVM running for 10.994)
